<?xml version="1.0" encoding="UTF-8"?>
<!-- Generated by org.testng.reporters.JUnitReportReporter -->
<testsuite skipped="0" hostname="LAPTOP-N058EVS8" name="TestingApi" tests="43" failures="0" timestamp="29 Jun 2017 10:01:44 GMT" time="5.329" errors="0">
  <testcase name="login" time="0.032" classname="TestingApi"/>
  <testcase name="intakeList" time="0.036" classname="TestingApi"/>
  <testcase name="lablistbyname" time="0.067" classname="TestingApi"/>
  <testcase name="docProfileDetailsbyid" time="0.036" classname="TestingApi"/>
  <testcase name="doctorbyname" time="0.064" classname="TestingApi"/>
  <testcase name="lablist" time="0.037" classname="TestingApi"/>
  <testcase name="AppConfigbyid" time="2.355" classname="TestingApi"/>
  <testcase name="SceduleConfigbyid" time="0.049" classname="TestingApi"/>
  <testcase name="hospitallist" time="0.032" classname="TestingApi"/>
  <testcase name="hospitallistbyname" time="0.040" classname="TestingApi"/>
  <testcase name="CancelAppointmentbyid" time="0.075" classname="TestingApi"/>
  <testcase name="cliniclistbyname" time="0.094" classname="TestingApi"/>
  <testcase name="state" time="0.029" classname="TestingApi"/>
  <testcase name="AppointmentConfig" time="0.365" classname="TestingApi"/>
  <testcase name="ScheduleConfig" time="0.070" classname="TestingApi"/>
  <testcase name="ForgotPassword" time="0.052" classname="TestingApi"/>
  <testcase name="BookAppointment" time="0.057" classname="TestingApi"/>
  <testcase name="hospitalRegistration" time="0.047" classname="TestingApi"/>
  <testcase name="prescriptionList" time="0.070" classname="TestingApi"/>
  <testcase name="patientRegistration" time="0.047" classname="TestingApi"/>
  <testcase name="specialitylistbyid" time="0.032" classname="TestingApi"/>
  <testcase name="country" time="0.038" classname="TestingApi"/>
  <testcase name="DocRegistration" time="0.089" classname="TestingApi"/>
  <testcase name="city" time="0.049" classname="TestingApi"/>
  <testcase name="drugList" time="0.120" classname="TestingApi"/>
  <testcase name="prescriptionHistorybyid" time="0.030" classname="TestingApi"/>
  <testcase name="labRegistration" time="0.039" classname="TestingApi"/>
  <testcase name="PasswordReset" time="0.056" classname="TestingApi"/>
  <testcase name="specialitylist" time="0.043" classname="TestingApi"/>
  <testcase name="appointmentlistbystatus" time="0.070" classname="TestingApi"/>
  <testcase name="patientlistsbyid" time="0.035" classname="TestingApi"/>
  <testcase name="clinicRegistration" time="0.090" classname="TestingApi"/>
  <testcase name="countrybyid" time="0.073" classname="TestingApi"/>
  <testcase name="doctorlist" time="0.133" classname="TestingApi"/>
  <testcase name="bookedAppList" time="0.077" classname="TestingApi"/>
  <testcase name="cliniclistbyid" time="0.034" classname="TestingApi"/>
  <testcase name="hospitabyid" time="0.357" classname="TestingApi"/>
  <testcase name="district" time="0.049" classname="TestingApi"/>
  <testcase name="prescription" time="0.088" classname="TestingApi"/>
  <testcase name="lablistbyid" time="0.035" classname="TestingApi"/>
  <testcase name="patientlistbyname" time="0.042" classname="TestingApi"/>
  <testcase name="scheduleList" time="0.033" classname="TestingApi"/>
  <testcase name="cliniclist" time="0.063" classname="TestingApi"/>
</testsuite> <!-- TestingApi -->
