<?xml version="1.0" encoding="UTF-8"?>
<!-- Generated by org.testng.reporters.JUnitReportReporter -->
<testsuite skipped="0" hostname="Sumuk" name="GetprescriptionList" tests="4" failures="0" timestamp="21 Jun 2017 19:50:51 GMT" time="4.194" errors="0">
  <testcase name="GetLabdetailsbyId" time="3.596" classname="GetprescriptionList"/>
  <testcase name="patientlistsbyId" time="0.266" classname="GetprescriptionList"/>
  <testcase name="prescriptionList" time="0.190" classname="GetprescriptionList"/>
  <testcase name="postsymptom" time="0.142" classname="GetprescriptionList"/>
</testsuite> <!-- GetprescriptionList -->
